<?xml version="1.0" encoding="UTF-8"?>
<testng-results ignored="0" total="2" passed="2" failed="0" skipped="0">
  <reporter-output>
  </reporter-output>
  <suite started-at="2024-12-08T13:30:47 IST" name="Default suite" finished-at="2024-12-08T13:30:52 IST" duration-ms="5289">
    <groups>
    </groups>
    <test started-at="2024-12-08T13:30:47 IST" name="Default test" finished-at="2024-12-08T13:30:52 IST" duration-ms="5289">
      <class name="Example2">
        <test-method signature="myApplicationTitle()[pri:1, instance:Example2@55141def]" started-at="2024-12-08T13:30:47 IST" name="myApplicationTitle" finished-at="2024-12-08T13:30:52 IST" duration-ms="4770" status="PASS">
          <reporter-output>
          </reporter-output>
        </test-method> <!-- myApplicationTitle -->
        <test-method signature="quitBrowser()[pri:2, instance:Example2@55141def]" started-at="2024-12-08T13:30:52 IST" name="quitBrowser" finished-at="2024-12-08T13:30:52 IST" duration-ms="425" status="PASS">
          <reporter-output>
          </reporter-output>
        </test-method> <!-- quitBrowser -->
      </class> <!-- Example2 -->
    </test> <!-- Default test -->
  </suite> <!-- Default suite -->
</testng-results>
